[debug] [2022-08-28T07:40:16.239Z] ----------------------------------------------------------------------
[debug] [2022-08-28T07:40:16.241Z] Command:       D:\Program Files\nodejs\node.exe C:\Users\jesus\AppData\Roaming\npm\node_modules\firebase-tools\lib\bin\firebase.js init
[debug] [2022-08-28T07:40:16.241Z] CLI Version:   11.8.0
[debug] [2022-08-28T07:40:16.242Z] Platform:      win32
[debug] [2022-08-28T07:40:16.242Z] Node Version:  v16.16.0
[debug] [2022-08-28T07:40:16.242Z] Time:          Sun Aug 28 2022 03:40:16 GMT-0400 (hora estándar de Chile)
[debug] [2022-08-28T07:40:16.243Z] ----------------------------------------------------------------------
[debug] 
[debug] [2022-08-28T07:40:16.249Z] > command requires scopes: ["email","openid","https://www.googleapis.com/auth/cloudplatformprojects.readonly","https://www.googleapis.com/auth/firebase","https://www.googleapis.com/auth/cloud-platform"]
[debug] [2022-08-28T07:40:16.249Z] > authorizing via signed-in user (jesusignaciocc22@gmail.com)
[info] 
     ######## #### ########  ######## ########     ###     ######  ########
     ##        ##  ##     ## ##       ##     ##  ##   ##  ##       ##
     ######    ##  ########  ######   ########  #########  ######  ######
     ##        ##  ##    ##  ##       ##     ## ##     ##       ## ##
     ##       #### ##     ## ######## ########  ##     ##  ######  ########

You're about to initialize a Firebase project in this directory:

  D:\pc JESUS\Proyectos Web\Carro-De-Compras

[info] 
=== Project Setup
[info] 
[info] First, let's associate this project directory with a Firebase project.
[info] You can create multiple project aliases by running firebase use --add, 
[info] but for now we'll just set up a default project.
[info] 
[debug] [2022-08-28T07:41:17.006Z] > refreshing access token with scopes: []
[debug] [2022-08-28T07:41:17.008Z] >>> [apiv2][query] POST https://www.googleapis.com/oauth2/v3/token [none]
[debug] [2022-08-28T07:41:17.008Z] >>> [apiv2][body] POST https://www.googleapis.com/oauth2/v3/token [omitted]
[debug] [2022-08-28T07:41:17.148Z] <<< [apiv2][status] POST https://www.googleapis.com/oauth2/v3/token 200
[debug] [2022-08-28T07:41:17.148Z] <<< [apiv2][body] POST https://www.googleapis.com/oauth2/v3/token [omitted]
[debug] [2022-08-28T07:41:17.161Z] >>> [apiv2][query] GET https://firebase.googleapis.com/v1beta1/projects pageSize=100
[debug] [2022-08-28T07:41:18.288Z] <<< [apiv2][status] GET https://firebase.googleapis.com/v1beta1/projects 200
[debug] [2022-08-28T07:41:18.288Z] <<< [apiv2][body] GET https://firebase.googleapis.com/v1beta1/projects [omitted]
[info] i  Using project mini-tienda-online-41348 (Mini Tienda Online) 
[info] 
=== Hosting Setup
[info] 
[info] Your public directory is the folder (relative to your project directory) that
[info] will contain Hosting assets to be uploaded with firebase deploy. If you
[info] have a build process for your assets, use your build's output directory.
[info] 
[info] +  Wrote public/404.html 
[debug] [2022-08-28T07:44:16.742Z] >>> [apiv2][query] GET https://www.gstatic.com/firebasejs/releases.json [none]
[debug] [2022-08-28T07:44:16.826Z] <<< [apiv2][status] GET https://www.gstatic.com/firebasejs/releases.json 200
[debug] [2022-08-28T07:44:16.826Z] <<< [apiv2][body] GET https://www.gstatic.com/firebasejs/releases.json {"current":{"version":"9.9.3","browserURL":"https://www.gstatic.com/firebasejs/9.9.3/firebase.js","packageURL":"https://www.gstatic.com/firebasejs/9.9.3/firebase.tgz"},"live":{"version":"9.9","browserURL":"https://www.gstatic.com/firebasejs/live/9.9/firebase.js","packageURL":"https://www.gstatic.com/firebasejs/live/9.9/firebase.tgz"},"components":{"analytics":"https://www.gstatic.com/firebasejs/9.9.3/firebase-analytics.js","app":"https://www.gstatic.com/firebasejs/9.9.3/firebase-app.js","app-check":"https://www.gstatic.com/firebasejs/9.9.3/firebase-app-check.js","auth":"https://www.gstatic.com/firebasejs/9.9.3/firebase-auth.js","auth/cordova":"https://www.gstatic.com/firebasejs/9.9.3/firebase-auth/cordova.js","auth/react-native":"https://www.gstatic.com/firebasejs/9.9.3/firebase-auth/react-native.js","functions":"https://www.gstatic.com/firebasejs/9.9.3/firebase-functions.js","firestore":"https://www.gstatic.com/firebasejs/9.9.3/firebase-firestore.js","firestore/lite":"https://www.gstatic.com/firebasejs/9.9.3/firebase-firestore/lite.js","installations":"https://www.gstatic.com/firebasejs/9.9.3/firebase-installations.js","storage":"https://www.gstatic.com/firebasejs/9.9.3/firebase-storage.js","performance":"https://www.gstatic.com/firebasejs/9.9.3/firebase-performance.js","remote-config":"https://www.gstatic.com/firebasejs/9.9.3/firebase-remote-config.js","messaging":"https://www.gstatic.com/firebasejs/9.9.3/firebase-messaging.js","messaging/sw":"https://www.gstatic.com/firebasejs/9.9.3/firebase-messaging/sw.js","database":"https://www.gstatic.com/firebasejs/9.9.3/firebase-database.js","firestore.memory":"https://www.gstatic.com/firebasejs/9.9.3/firebase-firestore.memory.js"}}
[info] +  Wrote public/index.html 
[info] 
[info] i  Detected a .git folder at D:\pc JESUS\Proyectos Web\Carro-De-Compras 
[info] i  Authorizing with GitHub to upload your service account to a GitHub repository's secrets store. 
[info] 
[info] Visit this URL on this device to log in:
[info] https://github.com/login/oauth/authorize?client_id=89cf50f02ac6aaed3484&state=74940633&redirect_uri=http%3A%2F%2Flocalhost%3A9005&scope=read%3Auser%20repo%20public_repo
[info] 
[info] Waiting for authentication...
[debug] [2022-08-28T07:44:26.043Z] >>> [apiv2][query] POST https://github.com/login/oauth/access_token [none]
[debug] [2022-08-28T07:44:26.043Z] >>> [apiv2][body] POST https://github.com/login/oauth/access_token [stream]
[debug] [2022-08-28T07:44:26.499Z] <<< [apiv2][status] POST https://github.com/login/oauth/access_token 200
[debug] [2022-08-28T07:44:26.499Z] <<< [apiv2][body] POST https://github.com/login/oauth/access_token {"access_token":"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","token_type":"bearer","scope":"read:user,repo"}
[debug] [2022-08-28T07:44:26.507Z] >>> [apiv2][query] GET https://api.github.com/user [none]
[debug] [2022-08-28T07:44:26.972Z] <<< [apiv2][status] GET https://api.github.com/user 200
[debug] [2022-08-28T07:44:26.973Z] <<< [apiv2][body] GET https://api.github.com/user {"login":"JesusCruz22","id":59320374,"node_id":"MDQ6VXNlcjU5MzIwMzc0","avatar_url":"https://avatars.githubusercontent.com/u/59320374?v=4","gravatar_id":"","url":"https://api.github.com/users/JesusCruz22","html_url":"https://github.com/JesusCruz22","followers_url":"https://api.github.com/users/JesusCruz22/followers","following_url":"https://api.github.com/users/JesusCruz22/following{/other_user}","gists_url":"https://api.github.com/users/JesusCruz22/gists{/gist_id}","starred_url":"https://api.github.com/users/JesusCruz22/starred{/owner}{/repo}","subscriptions_url":"https://api.github.com/users/JesusCruz22/subscriptions","organizations_url":"https://api.github.com/users/JesusCruz22/orgs","repos_url":"https://api.github.com/users/JesusCruz22/repos","events_url":"https://api.github.com/users/JesusCruz22/events{/privacy}","received_events_url":"https://api.github.com/users/JesusCruz22/received_events","type":"User","site_admin":false,"name":null,"company":null,"blog":"","location":null,"email":null,"hireable":null,"bio":null,"twitter_username":null,"public_repos":7,"public_gists":0,"followers":0,"following":1,"created_at":"2019-12-28T20:56:25Z","updated_at":"2022-07-13T19:09:08Z","private_gists":0,"total_private_repos":0,"owned_private_repos":0,"disk_usage":28146,"collaborators":0,"two_factor_authentication":false,"plan":{"name":"free","space":976562499,"collaborators":0,"private_repos":10000}}
[info] 
[info] +  Success! Logged into GitHub as JesusCruz22 
[info] 
